2020-04-22 23:11:15.816 | INFO     | __main__:selenium:25 - 成功访问
2020-04-22 23:11:15.825 | INFO     | __main__:eastmoney2mysql:20 - 高伟达 - 第1页东方财富网爬取成功
2020-04-22 23:11:18.183 | INFO     | __main__:eastmoney2mysql:44 - 高伟达 - 第1页东方财富网录入数据库成功
2020-04-22 23:11:26.625 | INFO     | __main__:selenium:25 - 成功访问
2020-04-22 23:11:26.626 | INFO     | __main__:eastmoney2mysql:20 - 飞天诚信 - 第1页东方财富网爬取成功
2020-04-22 23:11:28.569 | INFO     | __main__:eastmoney2mysql:44 - 飞天诚信 - 第1页东方财富网录入数据库成功
2020-04-22 23:11:37.058 | INFO     | __main__:selenium:25 - 成功访问
2020-04-22 23:11:37.061 | INFO     | __main__:eastmoney2mysql:20 - 朗科科技 - 第1页东方财富网爬取成功
2020-04-22 23:11:38.189 | INFO     | __main__:eastmoney2mysql:44 - 朗科科技 - 第1页东方财富网录入数据库成功
2020-04-22 23:11:46.284 | INFO     | __main__:selenium:25 - 成功访问
2020-04-22 23:11:46.287 | INFO     | __main__:eastmoney2mysql:20 - 永太科技 - 第1页东方财富网爬取成功
2020-04-22 23:11:47.421 | INFO     | __main__:eastmoney2mysql:44 - 永太科技 - 第1页东方财富网录入数据库成功
2020-04-22 23:11:54.481 | INFO     | __main__:selenium:25 - 成功访问
2020-04-22 23:11:54.485 | INFO     | __main__:eastmoney2mysql:20 - 海螺水泥 - 第1页东方财富网爬取成功
2020-04-22 23:11:54.889 | INFO     | __main__:eastmoney2mysql:44 - 海螺水泥 - 第1页东方财富网录入数据库成功
2020-04-22 23:12:02.066 | INFO     | __main__:selenium:25 - 成功访问
2020-04-22 23:12:02.070 | INFO     | __main__:eastmoney2mysql:20 - 瑞幸咖啡 - 第1页东方财富网爬取成功
2020-04-22 23:12:04.030 | INFO     | __main__:eastmoney2mysql:44 - 瑞幸咖啡 - 第1页东方财富网录入数据库成功
2020-04-22 23:12:12.485 | INFO     | __main__:selenium:25 - 成功访问
2020-04-22 23:12:12.489 | INFO     | __main__:eastmoney2mysql:20 - 腾讯控股 - 第1页东方财富网爬取成功
2020-04-22 23:12:14.661 | INFO     | __main__:eastmoney2mysql:44 - 腾讯控股 - 第1页东方财富网录入数据库成功
2020-04-22 23:12:21.230 | INFO     | __main__:selenium:25 - 成功访问
2020-04-22 23:12:21.234 | ERROR    | __main__:eastmoney2mysql:17 - 腾讯 - 第1页东方财富网爬取失败，无此关键词
2020-04-22 23:12:34.228 | INFO     | __main__:selenium:25 - 成功访问
2020-04-22 23:12:34.232 | INFO     | __main__:eastmoney2mysql:20 - 分众传媒 - 第1页东方财富网爬取成功
2020-04-22 23:12:35.152 | INFO     | __main__:eastmoney2mysql:44 - 分众传媒 - 第1页东方财富网录入数据库成功
2020-04-22 23:12:47.922 | INFO     | __main__:selenium:25 - 成功访问
2020-04-22 23:12:47.925 | INFO     | __main__:eastmoney2mysql:20 - 阿里巴巴 - 第1页东方财富网爬取成功
2020-04-22 23:12:50.331 | INFO     | __main__:eastmoney2mysql:44 - 阿里巴巴 - 第1页东方财富网录入数据库成功
2020-04-22 23:13:00.871 | INFO     | __main__:selenium:25 - 成功访问
2020-04-22 23:13:00.873 | INFO     | __main__:eastmoney2mysql:20 - 中国联通 - 第1页东方财富网爬取成功
2020-04-22 23:13:03.630 | INFO     | __main__:eastmoney2mysql:44 - 中国联通 - 第1页东方财富网录入数据库成功
2020-04-22 23:13:13.397 | INFO     | __main__:selenium:25 - 成功访问
2020-04-22 23:13:13.401 | INFO     | __main__:eastmoney2mysql:20 - TCL科技 - 第1页东方财富网爬取成功
2020-04-22 23:13:15.431 | INFO     | __main__:eastmoney2mysql:44 - TCL科技 - 第1页东方财富网录入数据库成功
2020-04-22 23:13:23.528 | INFO     | __main__:selenium:25 - 成功访问
2020-04-22 23:13:23.532 | INFO     | __main__:eastmoney2mysql:20 - 中公教育 - 第1页东方财富网爬取成功
2020-04-22 23:13:24.896 | INFO     | __main__:eastmoney2mysql:44 - 中公教育 - 第1页东方财富网录入数据库成功
2020-04-22 23:13:32.064 | INFO     | __main__:selenium:25 - 成功访问
2020-04-22 23:13:32.065 | INFO     | __main__:eastmoney2mysql:20 - 华北制药 - 第1页东方财富网爬取成功
2020-04-22 23:13:34.413 | INFO     | __main__:eastmoney2mysql:44 - 华北制药 - 第1页东方财富网录入数据库成功
2020-04-22 23:13:42.268 | INFO     | __main__:selenium:25 - 成功访问
2020-04-22 23:13:42.272 | INFO     | __main__:eastmoney2mysql:20 - 亿帆医药 - 第1页东方财富网爬取成功
2020-04-22 23:13:43.268 | INFO     | __main__:eastmoney2mysql:44 - 亿帆医药 - 第1页东方财富网录入数据库成功
2020-04-22 23:13:51.212 | INFO     | __main__:selenium:25 - 成功访问
2020-04-22 23:13:51.216 | INFO     | __main__:eastmoney2mysql:20 - 圣达生物 - 第1页东方财富网爬取成功
2020-04-22 23:13:51.539 | INFO     | __main__:eastmoney2mysql:44 - 圣达生物 - 第1页东方财富网录入数据库成功
2020-04-22 23:14:01.232 | INFO     | __main__:selenium:25 - 成功访问
2020-04-22 23:14:01.233 | INFO     | __main__:eastmoney2mysql:20 - 振华股份 - 第1页东方财富网爬取成功
2020-04-22 23:14:01.733 | INFO     | __main__:eastmoney2mysql:44 - 振华股份 - 第1页东方财富网录入数据库成功
2020-04-22 23:14:10.371 | INFO     | __main__:selenium:25 - 成功访问
2020-04-22 23:14:10.373 | INFO     | __main__:eastmoney2mysql:20 - 三一重工 - 第1页东方财富网爬取成功
2020-04-22 23:14:12.008 | INFO     | __main__:eastmoney2mysql:44 - 三一重工 - 第1页东方财富网录入数据库成功
2020-04-22 23:14:20.353 | INFO     | __main__:selenium:25 - 成功访问
2020-04-22 23:14:20.355 | INFO     | __main__:eastmoney2mysql:20 - 海天味业 - 第1页东方财富网爬取成功
2020-04-22 23:14:21.404 | INFO     | __main__:eastmoney2mysql:44 - 海天味业 - 第1页东方财富网录入数据库成功
2020-04-22 23:14:29.120 | INFO     | __main__:selenium:25 - 成功访问
2020-04-22 23:14:29.122 | INFO     | __main__:eastmoney2mysql:20 - 贵州茅台 - 第1页东方财富网爬取成功
2020-04-22 23:14:31.435 | INFO     | __main__:eastmoney2mysql:44 - 贵州茅台 - 第1页东方财富网录入数据库成功
2020-04-22 23:14:41.765 | INFO     | __main__:selenium:25 - 成功访问
2020-04-22 23:14:41.769 | INFO     | __main__:eastmoney2mysql:20 - 美的集团 - 第1页东方财富网爬取成功
2020-04-22 23:14:43.352 | INFO     | __main__:eastmoney2mysql:44 - 美的集团 - 第1页东方财富网录入数据库成功
2020-04-22 23:14:50.217 | INFO     | __main__:selenium:25 - 成功访问
2020-04-22 23:14:50.221 | INFO     | __main__:eastmoney2mysql:20 - 中国平安 - 第1页东方财富网爬取成功
2020-04-22 23:14:52.418 | INFO     | __main__:eastmoney2mysql:44 - 中国平安 - 第1页东方财富网录入数据库成功
2020-04-22 23:14:59.671 | INFO     | __main__:selenium:25 - 成功访问
2020-04-22 23:14:59.677 | INFO     | __main__:eastmoney2mysql:20 - 华润三九 - 第1页东方财富网爬取成功
2020-04-22 23:15:01.092 | INFO     | __main__:eastmoney2mysql:44 - 华润三九 - 第1页东方财富网录入数据库成功
2020-04-22 23:15:09.233 | INFO     | __main__:selenium:25 - 成功访问
2020-04-22 23:15:09.237 | INFO     | __main__:eastmoney2mysql:20 - 索菲亚 - 第1页东方财富网爬取成功
2020-04-22 23:15:11.868 | INFO     | __main__:eastmoney2mysql:44 - 索菲亚 - 第1页东方财富网录入数据库成功
2020-04-22 23:15:20.890 | INFO     | __main__:selenium:25 - 成功访问
2020-04-22 23:15:20.891 | INFO     | __main__:eastmoney2mysql:20 - 格力电器 - 第1页东方财富网爬取成功
2020-04-22 23:15:22.532 | INFO     | __main__:eastmoney2mysql:44 - 格力电器 - 第1页东方财富网录入数据库成功
2020-04-22 23:15:33.385 | INFO     | __main__:selenium:25 - 成功访问
2020-04-22 23:15:33.388 | INFO     | __main__:eastmoney2mysql:20 - 白云机场 - 第1页东方财富网爬取成功
2020-04-22 23:15:33.993 | INFO     | __main__:eastmoney2mysql:44 - 白云机场 - 第1页东方财富网录入数据库成功
2020-04-22 23:15:41.940 | INFO     | __main__:selenium:25 - 成功访问
2020-04-22 23:15:41.943 | INFO     | __main__:eastmoney2mysql:20 - 海康威视 - 第1页东方财富网爬取成功
2020-04-22 23:15:43.336 | INFO     | __main__:eastmoney2mysql:44 - 海康威视 - 第1页东方财富网录入数据库成功
2020-04-22 23:15:51.110 | INFO     | __main__:selenium:25 - 成功访问
2020-04-22 23:15:51.111 | INFO     | __main__:eastmoney2mysql:20 - 高伟达 - 第2页东方财富网爬取成功
2020-04-22 23:15:51.131 | INFO     | __main__:eastmoney2mysql:44 - 高伟达 - 第2页东方财富网录入数据库成功
2020-04-22 23:15:59.187 | INFO     | __main__:selenium:25 - 成功访问
2020-04-22 23:15:59.191 | INFO     | __main__:eastmoney2mysql:20 - 飞天诚信 - 第2页东方财富网爬取成功
2020-04-22 23:15:59.209 | INFO     | __main__:eastmoney2mysql:44 - 飞天诚信 - 第2页东方财富网录入数据库成功
2020-04-22 23:16:06.402 | INFO     | __main__:selenium:25 - 成功访问
2020-04-22 23:16:06.404 | INFO     | __main__:eastmoney2mysql:20 - 朗科科技 - 第2页东方财富网爬取成功
2020-04-22 23:16:06.425 | INFO     | __main__:eastmoney2mysql:44 - 朗科科技 - 第2页东方财富网录入数据库成功
2020-04-22 23:16:12.900 | INFO     | __main__:selenium:25 - 成功访问
2020-04-22 23:16:12.903 | INFO     | __main__:eastmoney2mysql:20 - 永太科技 - 第2页东方财富网爬取成功
2020-04-22 23:16:12.923 | INFO     | __main__:eastmoney2mysql:44 - 永太科技 - 第2页东方财富网录入数据库成功
2020-04-22 23:16:26.499 | INFO     | __main__:selenium:25 - 成功访问
2020-04-22 23:16:26.503 | INFO     | __main__:eastmoney2mysql:20 - 海螺水泥 - 第2页东方财富网爬取成功
2020-04-22 23:16:26.523 | INFO     | __main__:eastmoney2mysql:44 - 海螺水泥 - 第2页东方财富网录入数据库成功
2020-04-22 23:16:33.168 | INFO     | __main__:selenium:25 - 成功访问
2020-04-22 23:16:33.172 | INFO     | __main__:eastmoney2mysql:20 - 瑞幸咖啡 - 第2页东方财富网爬取成功
2020-04-22 23:16:35.206 | INFO     | __main__:eastmoney2mysql:44 - 瑞幸咖啡 - 第2页东方财富网录入数据库成功
2020-04-22 23:16:58.707 | INFO     | __main__:selenium:25 - 成功访问
2020-04-22 23:16:58.711 | INFO     | __main__:eastmoney2mysql:20 - 腾讯控股 - 第2页东方财富网爬取成功
2020-04-22 23:16:59.561 | INFO     | __main__:eastmoney2mysql:44 - 腾讯控股 - 第2页东方财富网录入数据库成功
2020-04-22 23:17:09.697 | INFO     | __main__:selenium:25 - 成功访问
2020-04-22 23:17:09.698 | ERROR    | __main__:eastmoney2mysql:17 - 腾讯 - 第2页东方财富网爬取失败，无此关键词
2020-04-22 23:17:18.904 | INFO     | __main__:selenium:25 - 成功访问
2020-04-22 23:17:18.908 | INFO     | __main__:eastmoney2mysql:20 - 分众传媒 - 第2页东方财富网爬取成功
2020-04-22 23:17:18.972 | INFO     | __main__:eastmoney2mysql:44 - 分众传媒 - 第2页东方财富网录入数据库成功
2020-04-22 23:17:26.730 | INFO     | __main__:selenium:25 - 成功访问
2020-04-22 23:17:26.734 | INFO     | __main__:eastmoney2mysql:20 - 阿里巴巴 - 第2页东方财富网爬取成功
2020-04-22 23:17:28.486 | INFO     | __main__:eastmoney2mysql:44 - 阿里巴巴 - 第2页东方财富网录入数据库成功
2020-04-22 23:17:38.210 | INFO     | __main__:selenium:25 - 成功访问
2020-04-22 23:17:38.214 | INFO     | __main__:eastmoney2mysql:20 - 中国联通 - 第2页东方财富网爬取成功
2020-04-22 23:17:38.658 | INFO     | __main__:eastmoney2mysql:44 - 中国联通 - 第2页东方财富网录入数据库成功
2020-04-22 23:17:44.988 | INFO     | __main__:selenium:25 - 成功访问
2020-04-22 23:17:44.990 | INFO     | __main__:eastmoney2mysql:20 - TCL科技 - 第2页东方财富网爬取成功
2020-04-22 23:17:45.074 | INFO     | __main__:eastmoney2mysql:44 - TCL科技 - 第2页东方财富网录入数据库成功
2020-04-22 23:17:52.103 | INFO     | __main__:selenium:25 - 成功访问
2020-04-22 23:17:52.105 | INFO     | __main__:eastmoney2mysql:20 - 中公教育 - 第2页东方财富网爬取成功
2020-04-22 23:17:52.127 | INFO     | __main__:eastmoney2mysql:44 - 中公教育 - 第2页东方财富网录入数据库成功
2020-04-22 23:17:59.863 | INFO     | __main__:selenium:25 - 成功访问
2020-04-22 23:17:59.867 | INFO     | __main__:eastmoney2mysql:20 - 华北制药 - 第2页东方财富网爬取成功
2020-04-22 23:18:00.187 | INFO     | __main__:eastmoney2mysql:44 - 华北制药 - 第2页东方财富网录入数据库成功
2020-04-22 23:18:06.899 | INFO     | __main__:selenium:25 - 成功访问
2020-04-22 23:18:06.903 | INFO     | __main__:eastmoney2mysql:20 - 亿帆医药 - 第2页东方财富网爬取成功
2020-04-22 23:18:06.982 | INFO     | __main__:eastmoney2mysql:44 - 亿帆医药 - 第2页东方财富网录入数据库成功
2020-04-22 23:18:13.486 | INFO     | __main__:selenium:25 - 成功访问
2020-04-22 23:18:13.490 | INFO     | __main__:eastmoney2mysql:20 - 圣达生物 - 第2页东方财富网爬取成功
2020-04-22 23:18:13.502 | INFO     | __main__:eastmoney2mysql:44 - 圣达生物 - 第2页东方财富网录入数据库成功
2020-04-22 23:18:20.827 | INFO     | __main__:selenium:25 - 成功访问
2020-04-22 23:18:20.829 | INFO     | __main__:eastmoney2mysql:20 - 振华股份 - 第2页东方财富网爬取成功
2020-04-22 23:18:20.839 | INFO     | __main__:eastmoney2mysql:44 - 振华股份 - 第2页东方财富网录入数据库成功
2020-04-22 23:18:27.525 | INFO     | __main__:selenium:25 - 成功访问
2020-04-22 23:18:27.527 | INFO     | __main__:eastmoney2mysql:20 - 三一重工 - 第2页东方财富网爬取成功
2020-04-22 23:18:27.538 | INFO     | __main__:eastmoney2mysql:44 - 三一重工 - 第2页东方财富网录入数据库成功
2020-04-22 23:18:35.874 | INFO     | __main__:selenium:25 - 成功访问
2020-04-22 23:18:35.878 | INFO     | __main__:eastmoney2mysql:20 - 海天味业 - 第2页东方财富网爬取成功
2020-04-22 23:18:35.897 | INFO     | __main__:eastmoney2mysql:44 - 海天味业 - 第2页东方财富网录入数据库成功
2020-04-22 23:18:45.766 | INFO     | __main__:selenium:25 - 成功访问
2020-04-22 23:18:45.770 | INFO     | __main__:eastmoney2mysql:20 - 贵州茅台 - 第2页东方财富网爬取成功
2020-04-22 23:18:47.459 | INFO     | __main__:eastmoney2mysql:44 - 贵州茅台 - 第2页东方财富网录入数据库成功
2020-04-22 23:18:54.646 | INFO     | __main__:selenium:25 - 成功访问
2020-04-22 23:18:54.648 | INFO     | __main__:eastmoney2mysql:20 - 美的集团 - 第2页东方财富网爬取成功
2020-04-22 23:18:54.657 | INFO     | __main__:eastmoney2mysql:44 - 美的集团 - 第2页东方财富网录入数据库成功
2020-04-22 23:19:02.701 | INFO     | __main__:selenium:25 - 成功访问
2020-04-22 23:19:02.702 | INFO     | __main__:eastmoney2mysql:20 - 中国平安 - 第2页东方财富网爬取成功
2020-04-22 23:19:02.886 | INFO     | __main__:eastmoney2mysql:44 - 中国平安 - 第2页东方财富网录入数据库成功
2020-04-22 23:19:10.994 | INFO     | __main__:selenium:25 - 成功访问
2020-04-22 23:19:10.999 | INFO     | __main__:eastmoney2mysql:20 - 华润三九 - 第2页东方财富网爬取成功
2020-04-22 23:19:11.013 | INFO     | __main__:eastmoney2mysql:44 - 华润三九 - 第2页东方财富网录入数据库成功
2020-04-22 23:19:17.360 | INFO     | __main__:selenium:25 - 成功访问
2020-04-22 23:19:17.362 | INFO     | __main__:eastmoney2mysql:20 - 索菲亚 - 第2页东方财富网爬取成功
2020-04-22 23:19:17.375 | INFO     | __main__:eastmoney2mysql:44 - 索菲亚 - 第2页东方财富网录入数据库成功
2020-04-22 23:19:27.828 | INFO     | __main__:selenium:25 - 成功访问
2020-04-22 23:19:27.830 | INFO     | __main__:eastmoney2mysql:20 - 格力电器 - 第2页东方财富网爬取成功
2020-04-22 23:19:27.843 | INFO     | __main__:eastmoney2mysql:44 - 格力电器 - 第2页东方财富网录入数据库成功
2020-04-22 23:19:34.123 | INFO     | __main__:selenium:25 - 成功访问
2020-04-22 23:19:34.125 | INFO     | __main__:eastmoney2mysql:20 - 白云机场 - 第2页东方财富网爬取成功
2020-04-22 23:19:34.137 | INFO     | __main__:eastmoney2mysql:44 - 白云机场 - 第2页东方财富网录入数据库成功
2020-04-22 23:19:42.933 | INFO     | __main__:selenium:25 - 成功访问
2020-04-22 23:19:42.935 | INFO     | __main__:eastmoney2mysql:20 - 海康威视 - 第2页东方财富网爬取成功
2020-04-22 23:19:42.946 | INFO     | __main__:eastmoney2mysql:44 - 海康威视 - 第2页东方财富网录入数据库成功
2020-04-22 23:43:15.730 | INFO     | __main__:selenium:25 - 成功访问
2020-04-22 23:43:15.736 | INFO     | __main__:eastmoney2mysql:20 - 高伟达 - 第1页东方财富网爬取成功
2020-04-22 23:43:15.760 | INFO     | __main__:eastmoney2mysql:44 - 高伟达 - 第1页东方财富网录入数据库成功
2020-04-22 23:43:25.262 | INFO     | __main__:selenium:25 - 成功访问
2020-04-22 23:43:25.264 | INFO     | __main__:eastmoney2mysql:20 - 飞天诚信 - 第1页东方财富网爬取成功
2020-04-22 23:43:25.275 | INFO     | __main__:eastmoney2mysql:44 - 飞天诚信 - 第1页东方财富网录入数据库成功
2020-04-22 23:43:32.514 | INFO     | __main__:selenium:25 - 成功访问
2020-04-22 23:43:32.516 | INFO     | __main__:eastmoney2mysql:20 - 朗科科技 - 第1页东方财富网爬取成功
2020-04-22 23:43:32.536 | INFO     | __main__:eastmoney2mysql:44 - 朗科科技 - 第1页东方财富网录入数据库成功
2020-04-22 23:43:38.574 | INFO     | __main__:selenium:25 - 成功访问
2020-04-22 23:43:38.578 | INFO     | __main__:eastmoney2mysql:20 - 永太科技 - 第1页东方财富网爬取成功
2020-04-22 23:43:38.600 | INFO     | __main__:eastmoney2mysql:44 - 永太科技 - 第1页东方财富网录入数据库成功
2020-04-22 23:43:47.081 | INFO     | __main__:selenium:25 - 成功访问
2020-04-22 23:43:47.084 | INFO     | __main__:eastmoney2mysql:20 - 海螺水泥 - 第1页东方财富网爬取成功
2020-04-22 23:43:47.104 | INFO     | __main__:eastmoney2mysql:44 - 海螺水泥 - 第1页东方财富网录入数据库成功
2020-04-22 23:43:54.495 | INFO     | __main__:selenium:25 - 成功访问
2020-04-22 23:43:54.499 | INFO     | __main__:eastmoney2mysql:20 - 瑞幸咖啡 - 第1页东方财富网爬取成功
2020-04-22 23:43:54.684 | INFO     | __main__:eastmoney2mysql:44 - 瑞幸咖啡 - 第1页东方财富网录入数据库成功
2020-04-22 23:44:00.912 | INFO     | __main__:selenium:25 - 成功访问
2020-04-22 23:44:00.916 | INFO     | __main__:eastmoney2mysql:20 - 腾讯控股 - 第1页东方财富网爬取成功
2020-04-22 23:44:00.988 | INFO     | __main__:eastmoney2mysql:44 - 腾讯控股 - 第1页东方财富网录入数据库成功
2020-04-22 23:44:15.209 | INFO     | __main__:selenium:25 - 成功访问
2020-04-22 23:44:15.213 | ERROR    | __main__:eastmoney2mysql:17 - 腾讯 - 第1页东方财富网爬取失败，无此关键词
2020-04-22 23:44:24.543 | INFO     | __main__:selenium:25 - 成功访问
2020-04-22 23:44:24.547 | INFO     | __main__:eastmoney2mysql:20 - 分众传媒 - 第1页东方财富网爬取成功
2020-04-22 23:44:24.563 | INFO     | __main__:eastmoney2mysql:44 - 分众传媒 - 第1页东方财富网录入数据库成功
2020-04-22 23:44:31.249 | INFO     | __main__:selenium:25 - 成功访问
2020-04-22 23:44:31.249 | INFO     | __main__:eastmoney2mysql:20 - 阿里巴巴 - 第1页东方财富网爬取成功
2020-04-22 23:44:31.263 | INFO     | __main__:eastmoney2mysql:44 - 阿里巴巴 - 第1页东方财富网录入数据库成功
2020-04-22 23:44:38.447 | INFO     | __main__:selenium:25 - 成功访问
2020-04-22 23:44:38.450 | INFO     | __main__:eastmoney2mysql:20 - 中国联通 - 第1页东方财富网爬取成功
2020-04-22 23:44:38.462 | INFO     | __main__:eastmoney2mysql:44 - 中国联通 - 第1页东方财富网录入数据库成功
2020-04-22 23:44:46.059 | INFO     | __main__:selenium:25 - 成功访问
2020-04-22 23:44:46.063 | INFO     | __main__:eastmoney2mysql:20 - TCL科技 - 第1页东方财富网爬取成功
2020-04-22 23:44:46.075 | INFO     | __main__:eastmoney2mysql:44 - TCL科技 - 第1页东方财富网录入数据库成功
2020-04-22 23:44:55.940 | INFO     | __main__:selenium:25 - 成功访问
2020-04-22 23:44:55.943 | INFO     | __main__:eastmoney2mysql:20 - 中公教育 - 第1页东方财富网爬取成功
2020-04-22 23:44:55.963 | INFO     | __main__:eastmoney2mysql:44 - 中公教育 - 第1页东方财富网录入数据库成功
2020-04-22 23:45:02.647 | INFO     | __main__:selenium:25 - 成功访问
2020-04-22 23:45:02.651 | INFO     | __main__:eastmoney2mysql:20 - 华北制药 - 第1页东方财富网爬取成功
2020-04-22 23:45:02.666 | INFO     | __main__:eastmoney2mysql:44 - 华北制药 - 第1页东方财富网录入数据库成功
2020-04-22 23:45:10.264 | INFO     | __main__:selenium:25 - 成功访问
2020-04-22 23:45:10.267 | INFO     | __main__:eastmoney2mysql:20 - 亿帆医药 - 第1页东方财富网爬取成功
2020-04-22 23:45:10.289 | INFO     | __main__:eastmoney2mysql:44 - 亿帆医药 - 第1页东方财富网录入数据库成功
2020-04-22 23:45:17.481 | INFO     | __main__:selenium:25 - 成功访问
2020-04-22 23:45:17.485 | INFO     | __main__:eastmoney2mysql:20 - 圣达生物 - 第1页东方财富网爬取成功
2020-04-22 23:45:17.496 | INFO     | __main__:eastmoney2mysql:44 - 圣达生物 - 第1页东方财富网录入数据库成功
2020-04-22 23:45:28.041 | INFO     | __main__:selenium:25 - 成功访问
2020-04-22 23:45:28.043 | INFO     | __main__:eastmoney2mysql:20 - 振华股份 - 第1页东方财富网爬取成功
2020-04-22 23:45:28.065 | INFO     | __main__:eastmoney2mysql:44 - 振华股份 - 第1页东方财富网录入数据库成功
2020-04-22 23:45:35.625 | INFO     | __main__:selenium:25 - 成功访问
2020-04-22 23:45:35.628 | INFO     | __main__:eastmoney2mysql:20 - 三一重工 - 第1页东方财富网爬取成功
2020-04-22 23:45:35.649 | INFO     | __main__:eastmoney2mysql:44 - 三一重工 - 第1页东方财富网录入数据库成功
2020-04-22 23:45:42.415 | INFO     | __main__:selenium:25 - 成功访问
2020-04-22 23:45:42.419 | INFO     | __main__:eastmoney2mysql:20 - 海天味业 - 第1页东方财富网爬取成功
2020-04-22 23:45:42.438 | INFO     | __main__:eastmoney2mysql:44 - 海天味业 - 第1页东方财富网录入数据库成功
2020-04-22 23:45:49.253 | INFO     | __main__:selenium:25 - 成功访问
2020-04-22 23:45:49.255 | INFO     | __main__:eastmoney2mysql:20 - 贵州茅台 - 第1页东方财富网爬取成功
2020-04-22 23:45:49.551 | INFO     | __main__:eastmoney2mysql:44 - 贵州茅台 - 第1页东方财富网录入数据库成功
2020-04-22 23:45:57.554 | INFO     | __main__:selenium:25 - 成功访问
2020-04-22 23:45:57.558 | INFO     | __main__:eastmoney2mysql:20 - 美的集团 - 第1页东方财富网爬取成功
2020-04-22 23:45:57.584 | INFO     | __main__:eastmoney2mysql:44 - 美的集团 - 第1页东方财富网录入数据库成功
2020-04-22 23:46:06.581 | INFO     | __main__:selenium:25 - 成功访问
2020-04-22 23:46:06.583 | INFO     | __main__:eastmoney2mysql:20 - 中国平安 - 第1页东方财富网爬取成功
2020-04-22 23:46:06.723 | INFO     | __main__:eastmoney2mysql:44 - 中国平安 - 第1页东方财富网录入数据库成功
2020-04-22 23:46:13.337 | INFO     | __main__:selenium:25 - 成功访问
2020-04-22 23:46:13.338 | INFO     | __main__:eastmoney2mysql:20 - 华润三九 - 第1页东方财富网爬取成功
2020-04-22 23:46:13.351 | INFO     | __main__:eastmoney2mysql:44 - 华润三九 - 第1页东方财富网录入数据库成功
2020-04-22 23:46:20.289 | INFO     | __main__:selenium:25 - 成功访问
2020-04-22 23:46:20.292 | INFO     | __main__:eastmoney2mysql:20 - 索菲亚 - 第1页东方财富网爬取成功
2020-04-22 23:46:20.303 | INFO     | __main__:eastmoney2mysql:44 - 索菲亚 - 第1页东方财富网录入数据库成功
2020-04-22 23:46:27.793 | INFO     | __main__:selenium:25 - 成功访问
2020-04-22 23:46:27.794 | INFO     | __main__:eastmoney2mysql:20 - 格力电器 - 第1页东方财富网爬取成功
2020-04-22 23:46:27.815 | INFO     | __main__:eastmoney2mysql:44 - 格力电器 - 第1页东方财富网录入数据库成功
2020-04-22 23:46:35.871 | INFO     | __main__:selenium:25 - 成功访问
2020-04-22 23:46:35.875 | INFO     | __main__:eastmoney2mysql:20 - 白云机场 - 第1页东方财富网爬取成功
2020-04-22 23:46:35.887 | INFO     | __main__:eastmoney2mysql:44 - 白云机场 - 第1页东方财富网录入数据库成功
2020-04-22 23:46:43.382 | INFO     | __main__:selenium:25 - 成功访问
2020-04-22 23:46:43.386 | INFO     | __main__:eastmoney2mysql:20 - 海康威视 - 第1页东方财富网爬取成功
2020-04-22 23:46:43.403 | INFO     | __main__:eastmoney2mysql:44 - 海康威视 - 第1页东方财富网录入数据库成功
2020-04-22 23:46:50.425 | INFO     | __main__:selenium:25 - 成功访问
2020-04-22 23:46:50.429 | INFO     | __main__:eastmoney2mysql:20 - 高伟达 - 第2页东方财富网爬取成功
2020-04-22 23:46:50.446 | INFO     | __main__:eastmoney2mysql:44 - 高伟达 - 第2页东方财富网录入数据库成功
2020-04-22 23:47:28.205 | INFO     | __main__:selenium:25 - 成功访问
2020-04-22 23:47:28.207 | INFO     | __main__:eastmoney2mysql:20 - 飞天诚信 - 第2页东方财富网爬取成功
2020-04-22 23:47:28.216 | INFO     | __main__:eastmoney2mysql:44 - 飞天诚信 - 第2页东方财富网录入数据库成功
2020-04-22 23:47:36.542 | INFO     | __main__:selenium:25 - 成功访问
2020-04-22 23:47:36.546 | INFO     | __main__:eastmoney2mysql:20 - 朗科科技 - 第2页东方财富网爬取成功
2020-04-22 23:47:36.566 | INFO     | __main__:eastmoney2mysql:44 - 朗科科技 - 第2页东方财富网录入数据库成功
2020-04-22 23:47:44.086 | INFO     | __main__:selenium:25 - 成功访问
2020-04-22 23:47:44.090 | INFO     | __main__:eastmoney2mysql:20 - 永太科技 - 第2页东方财富网爬取成功
2020-04-22 23:47:44.109 | INFO     | __main__:eastmoney2mysql:44 - 永太科技 - 第2页东方财富网录入数据库成功
2020-04-22 23:47:50.652 | INFO     | __main__:selenium:25 - 成功访问
2020-04-22 23:47:50.654 | INFO     | __main__:eastmoney2mysql:20 - 海螺水泥 - 第2页东方财富网爬取成功
2020-04-22 23:47:50.715 | INFO     | __main__:eastmoney2mysql:44 - 海螺水泥 - 第2页东方财富网录入数据库成功
2020-04-22 23:48:01.428 | INFO     | __main__:selenium:25 - 成功访问
2020-04-22 23:48:01.432 | INFO     | __main__:eastmoney2mysql:20 - 瑞幸咖啡 - 第2页东方财富网爬取成功
2020-04-22 23:48:01.449 | INFO     | __main__:eastmoney2mysql:44 - 瑞幸咖啡 - 第2页东方财富网录入数据库成功
2020-04-22 23:48:08.339 | INFO     | __main__:selenium:25 - 成功访问
2020-04-22 23:48:08.343 | INFO     | __main__:eastmoney2mysql:20 - 腾讯控股 - 第2页东方财富网爬取成功
2020-04-22 23:48:08.365 | INFO     | __main__:eastmoney2mysql:44 - 腾讯控股 - 第2页东方财富网录入数据库成功
2020-04-22 23:48:17.519 | INFO     | __main__:selenium:25 - 成功访问
2020-04-22 23:48:17.523 | ERROR    | __main__:eastmoney2mysql:17 - 腾讯 - 第2页东方财富网爬取失败，无此关键词
2020-04-22 23:48:24.755 | INFO     | __main__:selenium:25 - 成功访问
2020-04-22 23:48:24.759 | INFO     | __main__:eastmoney2mysql:20 - 分众传媒 - 第2页东方财富网爬取成功
2020-04-22 23:48:24.775 | INFO     | __main__:eastmoney2mysql:44 - 分众传媒 - 第2页东方财富网录入数据库成功
2020-04-22 23:48:30.767 | INFO     | __main__:selenium:25 - 成功访问
2020-04-22 23:48:30.769 | INFO     | __main__:eastmoney2mysql:20 - 阿里巴巴 - 第2页东方财富网爬取成功
2020-04-22 23:48:30.782 | INFO     | __main__:eastmoney2mysql:44 - 阿里巴巴 - 第2页东方财富网录入数据库成功
2020-04-22 23:48:38.121 | INFO     | __main__:selenium:25 - 成功访问
2020-04-22 23:48:38.125 | INFO     | __main__:eastmoney2mysql:20 - 中国联通 - 第2页东方财富网爬取成功
2020-04-22 23:48:38.148 | INFO     | __main__:eastmoney2mysql:44 - 中国联通 - 第2页东方财富网录入数据库成功
2020-04-22 23:48:46.608 | INFO     | __main__:selenium:25 - 成功访问
2020-04-22 23:48:46.611 | INFO     | __main__:eastmoney2mysql:20 - TCL科技 - 第2页东方财富网爬取成功
2020-04-22 23:48:46.626 | INFO     | __main__:eastmoney2mysql:44 - TCL科技 - 第2页东方财富网录入数据库成功
2020-04-22 23:48:55.908 | INFO     | __main__:selenium:25 - 成功访问
2020-04-22 23:48:55.912 | INFO     | __main__:eastmoney2mysql:20 - 中公教育 - 第2页东方财富网爬取成功
2020-04-22 23:48:55.926 | INFO     | __main__:eastmoney2mysql:44 - 中公教育 - 第2页东方财富网录入数据库成功
2020-04-22 23:49:03.281 | INFO     | __main__:selenium:25 - 成功访问
2020-04-22 23:49:03.285 | INFO     | __main__:eastmoney2mysql:20 - 华北制药 - 第2页东方财富网爬取成功
2020-04-22 23:49:03.295 | INFO     | __main__:eastmoney2mysql:44 - 华北制药 - 第2页东方财富网录入数据库成功
2020-04-22 23:49:11.272 | INFO     | __main__:selenium:25 - 成功访问
2020-04-22 23:49:11.276 | INFO     | __main__:eastmoney2mysql:20 - 亿帆医药 - 第2页东方财富网爬取成功
2020-04-22 23:49:11.296 | INFO     | __main__:eastmoney2mysql:44 - 亿帆医药 - 第2页东方财富网录入数据库成功
2020-04-22 23:49:28.930 | INFO     | __main__:selenium:25 - 成功访问
2020-04-22 23:49:28.934 | INFO     | __main__:eastmoney2mysql:20 - 圣达生物 - 第2页东方财富网爬取成功
2020-04-22 23:49:28.945 | INFO     | __main__:eastmoney2mysql:44 - 圣达生物 - 第2页东方财富网录入数据库成功
2020-04-22 23:49:54.281 | INFO     | __main__:selenium:25 - 成功访问
2020-04-22 23:49:54.285 | INFO     | __main__:eastmoney2mysql:20 - 振华股份 - 第2页东方财富网爬取成功
2020-04-22 23:49:54.304 | INFO     | __main__:eastmoney2mysql:44 - 振华股份 - 第2页东方财富网录入数据库成功
2020-04-22 23:50:11.784 | INFO     | __main__:selenium:25 - 成功访问
2020-04-22 23:50:11.786 | INFO     | __main__:eastmoney2mysql:20 - 三一重工 - 第2页东方财富网爬取成功
2020-04-22 23:50:11.795 | INFO     | __main__:eastmoney2mysql:44 - 三一重工 - 第2页东方财富网录入数据库成功
2020-04-22 23:50:29.453 | INFO     | __main__:selenium:25 - 成功访问
2020-04-22 23:50:29.457 | INFO     | __main__:eastmoney2mysql:20 - 海天味业 - 第2页东方财富网爬取成功
2020-04-22 23:50:29.477 | INFO     | __main__:eastmoney2mysql:44 - 海天味业 - 第2页东方财富网录入数据库成功
2020-04-22 23:50:39.876 | INFO     | __main__:selenium:25 - 成功访问
2020-04-22 23:50:39.877 | INFO     | __main__:eastmoney2mysql:20 - 贵州茅台 - 第2页东方财富网爬取成功
2020-04-22 23:50:39.889 | INFO     | __main__:eastmoney2mysql:44 - 贵州茅台 - 第2页东方财富网录入数据库成功
2020-04-22 23:51:06.879 | INFO     | __main__:selenium:25 - 成功访问
2020-04-22 23:51:06.880 | INFO     | __main__:eastmoney2mysql:20 - 美的集团 - 第2页东方财富网爬取成功
2020-04-22 23:51:06.890 | INFO     | __main__:eastmoney2mysql:44 - 美的集团 - 第2页东方财富网录入数据库成功
2020-04-22 23:51:48.346 | INFO     | __main__:selenium:25 - 成功访问
2020-04-22 23:51:48.348 | INFO     | __main__:eastmoney2mysql:20 - 中国平安 - 第2页东方财富网爬取成功
2020-04-22 23:51:48.359 | INFO     | __main__:eastmoney2mysql:44 - 中国平安 - 第2页东方财富网录入数据库成功
2020-04-22 23:52:24.124 | INFO     | __main__:selenium:25 - 成功访问
2020-04-22 23:52:24.125 | INFO     | __main__:eastmoney2mysql:20 - 华润三九 - 第2页东方财富网爬取成功
2020-04-22 23:52:24.135 | INFO     | __main__:eastmoney2mysql:44 - 华润三九 - 第2页东方财富网录入数据库成功
2020-04-22 23:57:43.498 | INFO     | __main__:selenium:32 - 刷新成功访问
2020-04-22 23:57:43.500 | INFO     | __main__:eastmoney2mysql:20 - 索菲亚 - 第2页东方财富网爬取成功
2020-04-22 23:57:43.510 | INFO     | __main__:eastmoney2mysql:44 - 索菲亚 - 第2页东方财富网录入数据库成功
2020-04-22 23:58:01.640 | INFO     | __main__:selenium:25 - 成功访问
2020-04-22 23:58:01.642 | INFO     | __main__:eastmoney2mysql:20 - 格力电器 - 第2页东方财富网爬取成功
2020-04-22 23:58:01.652 | INFO     | __main__:eastmoney2mysql:44 - 格力电器 - 第2页东方财富网录入数据库成功
2020-04-22 23:58:10.314 | INFO     | __main__:selenium:25 - 成功访问
2020-04-22 23:58:10.318 | INFO     | __main__:eastmoney2mysql:20 - 白云机场 - 第2页东方财富网爬取成功
2020-04-22 23:58:10.340 | INFO     | __main__:eastmoney2mysql:44 - 白云机场 - 第2页东方财富网录入数据库成功
2020-04-22 23:58:18.798 | INFO     | __main__:selenium:25 - 成功访问
2020-04-22 23:58:18.802 | INFO     | __main__:eastmoney2mysql:20 - 海康威视 - 第2页东方财富网爬取成功
2020-04-22 23:58:18.817 | INFO     | __main__:eastmoney2mysql:44 - 海康威视 - 第2页东方财富网录入数据库成功
